{"/Users/kyliestanley/Turing/Module4/tech-connect/App.js": {"path":"/Users/kyliestanley/Turing/Module4/tech-connect/App.js","statementMap":{"0":{"start":{"line":17,"column":14},"end":{"line":17,"column":83}},"1":{"start":{"line":19,"column":25},"end":{"line":28,"column":1}},"2":{"start":{"line":30,"column":18},"end":{"line":60,"column":1}},"3":{"start":{"line":38,"column":51},"end":{"line":54,"column":5}},"4":{"start":{"line":40,"column":30},"end":{"line":40,"column":46}},"5":{"start":{"line":42,"column":8},"end":{"line":50,"column":9}},"6":{"start":{"line":43,"column":10},"end":{"line":43,"column":27}},"7":{"start":{"line":44,"column":15},"end":{"line":50,"column":9}},"8":{"start":{"line":45,"column":10},"end":{"line":45,"column":27}},"9":{"start":{"line":46,"column":15},"end":{"line":50,"column":9}},"10":{"start":{"line":47,"column":10},"end":{"line":47,"column":37}},"11":{"start":{"line":48,"column":15},"end":{"line":50,"column":9}},"12":{"start":{"line":49,"column":10},"end":{"line":49,"column":31}},"13":{"start":{"line":52,"column":8},"end":{"line":52,"column":68}},"14":{"start":{"line":63,"column":21},"end":{"line":72,"column":1}},"15":{"start":{"line":75,"column":21},"end":{"line":75,"column":53}},"16":{"start":{"line":79,"column":4},"end":{"line":83,"column":6}}},"fnMap":{"0":{"name":"(anonymous_0)","decl":{"start":{"line":38,"column":30},"end":{"line":38,"column":31}},"loc":{"start":{"line":38,"column":51},"end":{"line":54,"column":5}},"line":38},"1":{"name":"(anonymous_1)","decl":{"start":{"line":39,"column":18},"end":{"line":39,"column":19}},"loc":{"start":{"line":39,"column":58},"end":{"line":53,"column":7}},"line":39},"2":{"name":"(anonymous_2)","decl":{"start":{"line":78,"column":2},"end":{"line":78,"column":3}},"loc":{"start":{"line":78,"column":11},"end":{"line":84,"column":3}},"line":78}},"branchMap":{"0":{"loc":{"start":{"line":42,"column":8},"end":{"line":50,"column":9}},"type":"if","locations":[{"start":{"line":42,"column":8},"end":{"line":50,"column":9}},{"start":{"line":42,"column":8},"end":{"line":50,"column":9}}],"line":42},"1":{"loc":{"start":{"line":44,"column":15},"end":{"line":50,"column":9}},"type":"if","locations":[{"start":{"line":44,"column":15},"end":{"line":50,"column":9}},{"start":{"line":44,"column":15},"end":{"line":50,"column":9}}],"line":44},"2":{"loc":{"start":{"line":46,"column":15},"end":{"line":50,"column":9}},"type":"if","locations":[{"start":{"line":46,"column":15},"end":{"line":50,"column":9}},{"start":{"line":46,"column":15},"end":{"line":50,"column":9}}],"line":46},"3":{"loc":{"start":{"line":48,"column":15},"end":{"line":50,"column":9}},"type":"if","locations":[{"start":{"line":48,"column":15},"end":{"line":50,"column":9}},{"start":{"line":48,"column":15},"end":{"line":50,"column":9}}],"line":48}},"s":{"0":0,"1":0,"2":0,"3":0,"4":0,"5":0,"6":0,"7":0,"8":0,"9":0,"10":0,"11":0,"12":0,"13":0,"14":0,"15":0,"16":0},"f":{"0":0,"1":0,"2":0},"b":{"0":[0,0],"1":[0,0],"2":[0,0],"3":[0,0]}}
,"/Users/kyliestanley/Turing/Module4/tech-connect/Connection.js": {"path":"/Users/kyliestanley/Turing/Module4/tech-connect/Connection.js","statementMap":{"0":{"start":{"line":9,"column":4},"end":{"line":9,"column":11}},"1":{"start":{"line":10,"column":4},"end":{"line":12,"column":5}},"2":{"start":{"line":16,"column":17},"end":{"line":16,"column":75}},"3":{"start":{"line":17,"column":4},"end":{"line":19,"column":6}},"4":{"start":{"line":23,"column":4},"end":{"line":43,"column":5}},"5":{"start":{"line":24,"column":23},"end":{"line":24,"column":33}},"6":{"start":{"line":26,"column":6},"end":{"line":40,"column":7}},"7":{"start":{"line":30,"column":47},"end":{"line":30,"column":78}},"8":{"start":{"line":42,"column":6},"end":{"line":42,"column":17}},"9":{"start":{"line":47,"column":31},"end":{"line":49,"column":2}},"10":{"start":{"line":47,"column":43},"end":{"line":49,"column":1}},"11":{"start":{"line":53,"column":15},"end":{"line":91,"column":2}}},"fnMap":{"0":{"name":"(anonymous_0)","decl":{"start":{"line":8,"column":2},"end":{"line":8,"column":3}},"loc":{"start":{"line":8,"column":16},"end":{"line":13,"column":3}},"line":8},"1":{"name":"(anonymous_1)","decl":{"start":{"line":15,"column":2},"end":{"line":15,"column":3}},"loc":{"start":{"line":15,"column":28},"end":{"line":20,"column":3}},"line":15},"2":{"name":"(anonymous_2)","decl":{"start":{"line":22,"column":2},"end":{"line":22,"column":3}},"loc":{"start":{"line":22,"column":11},"end":{"line":44,"column":3}},"line":22},"3":{"name":"(anonymous_3)","decl":{"start":{"line":30,"column":41},"end":{"line":30,"column":42}},"loc":{"start":{"line":30,"column":47},"end":{"line":30,"column":78}},"line":30},"4":{"name":"(anonymous_4)","decl":{"start":{"line":47,"column":31},"end":{"line":47,"column":32}},"loc":{"start":{"line":47,"column":43},"end":{"line":49,"column":1}},"line":47}},"branchMap":{"0":{"loc":{"start":{"line":23,"column":4},"end":{"line":43,"column":5}},"type":"if","locations":[{"start":{"line":23,"column":4},"end":{"line":43,"column":5}},{"start":{"line":23,"column":4},"end":{"line":43,"column":5}}],"line":23}},"s":{"0":0,"1":0,"2":0,"3":0,"4":0,"5":0,"6":0,"7":0,"8":0,"9":0,"10":0,"11":0},"f":{"0":0,"1":0,"2":0,"3":0,"4":0},"b":{"0":[0,0]}}
,"/Users/kyliestanley/Turing/Module4/tech-connect/HomeScreen.js": {"path":"/Users/kyliestanley/Turing/Module4/tech-connect/HomeScreen.js","statementMap":{"0":{"start":{"line":11,"column":4},"end":{"line":11,"column":16}},"1":{"start":{"line":15,"column":17},"end":{"line":15,"column":63}},"2":{"start":{"line":16,"column":4},"end":{"line":16,"column":57}},"3":{"start":{"line":20,"column":24},"end":{"line":20,"column":51}},"4":{"start":{"line":21,"column":4},"end":{"line":41,"column":5}},"5":{"start":{"line":37,"column":42},"end":{"line":37,"column":120}},"6":{"start":{"line":45,"column":24},"end":{"line":47,"column":2}},"7":{"start":{"line":45,"column":36},"end":{"line":47,"column":1}},"8":{"start":{"line":51,"column":15},"end":{"line":126,"column":2}}},"fnMap":{"0":{"name":"(anonymous_0)","decl":{"start":{"line":10,"column":2},"end":{"line":10,"column":3}},"loc":{"start":{"line":10,"column":21},"end":{"line":12,"column":3}},"line":10},"1":{"name":"(anonymous_1)","decl":{"start":{"line":14,"column":16},"end":{"line":14,"column":17}},"loc":{"start":{"line":14,"column":30},"end":{"line":17,"column":3}},"line":14},"2":{"name":"(anonymous_2)","decl":{"start":{"line":19,"column":2},"end":{"line":19,"column":3}},"loc":{"start":{"line":19,"column":11},"end":{"line":42,"column":3}},"line":19},"3":{"name":"(anonymous_3)","decl":{"start":{"line":37,"column":28},"end":{"line":37,"column":29}},"loc":{"start":{"line":37,"column":42},"end":{"line":37,"column":120}},"line":37},"4":{"name":"(anonymous_4)","decl":{"start":{"line":45,"column":24},"end":{"line":45,"column":25}},"loc":{"start":{"line":45,"column":36},"end":{"line":47,"column":1}},"line":45}},"branchMap":{},"s":{"0":0,"1":0,"2":0,"3":0,"4":0,"5":0,"6":0,"7":0,"8":0},"f":{"0":0,"1":0,"2":0,"3":0,"4":0},"b":{}}
,"/Users/kyliestanley/Turing/Module4/tech-connect/LoginScreen.js": {"path":"/Users/kyliestanley/Turing/Module4/tech-connect/LoginScreen.js","statementMap":{"0":{"start":{"line":13,"column":4},"end":{"line":13,"column":16}},"1":{"start":{"line":14,"column":4},"end":{"line":20,"column":5}},"2":{"start":{"line":24,"column":4},"end":{"line":27,"column":6}},"3":{"start":{"line":31,"column":55},"end":{"line":31,"column":65}},"4":{"start":{"line":32,"column":23},"end":{"line":32,"column":65}},"5":{"start":{"line":33,"column":22},"end":{"line":33,"column":41}},"6":{"start":{"line":35,"column":4},"end":{"line":41,"column":5}},"7":{"start":{"line":36,"column":6},"end":{"line":36,"column":45}},"8":{"start":{"line":37,"column":6},"end":{"line":37,"column":32}},"9":{"start":{"line":39,"column":6},"end":{"line":39,"column":43}},"10":{"start":{"line":40,"column":6},"end":{"line":40,"column":32}},"11":{"start":{"line":43,"column":4},"end":{"line":45,"column":5}},"12":{"start":{"line":44,"column":6},"end":{"line":44,"column":36}},"13":{"start":{"line":49,"column":4},"end":{"line":53,"column":5}},"14":{"start":{"line":50,"column":6},"end":{"line":50,"column":47}},"15":{"start":{"line":51,"column":11},"end":{"line":53,"column":5}},"16":{"start":{"line":52,"column":6},"end":{"line":52,"column":44}},"17":{"start":{"line":57,"column":20},"end":{"line":57,"column":64}},"18":{"start":{"line":58,"column":23},"end":{"line":58,"column":67}},"19":{"start":{"line":59,"column":25},"end":{"line":59,"column":67}},"20":{"start":{"line":61,"column":4},"end":{"line":143,"column":6}},"21":{"start":{"line":83,"column":34},"end":{"line":83,"column":62}},"22":{"start":{"line":106,"column":34},"end":{"line":106,"column":65}},"23":{"start":{"line":129,"column":38},"end":{"line":129,"column":82}},"24":{"start":{"line":148,"column":31},"end":{"line":152,"column":2}},"25":{"start":{"line":148,"column":43},"end":{"line":152,"column":1}},"26":{"start":{"line":154,"column":34},"end":{"line":157,"column":2}},"27":{"start":{"line":154,"column":49},"end":{"line":157,"column":1}},"28":{"start":{"line":155,"column":24},"end":{"line":155,"column":50}},"29":{"start":{"line":156,"column":23},"end":{"line":156,"column":48}},"30":{"start":{"line":162,"column":15},"end":{"line":220,"column":2}}},"fnMap":{"0":{"name":"(anonymous_0)","decl":{"start":{"line":12,"column":2},"end":{"line":12,"column":3}},"loc":{"start":{"line":12,"column":21},"end":{"line":21,"column":3}},"line":12},"1":{"name":"(anonymous_1)","decl":{"start":{"line":23,"column":19},"end":{"line":23,"column":20}},"loc":{"start":{"line":23,"column":25},"end":{"line":28,"column":3}},"line":23},"2":{"name":"(anonymous_2)","decl":{"start":{"line":30,"column":17},"end":{"line":30,"column":18}},"loc":{"start":{"line":30,"column":29},"end":{"line":46,"column":3}},"line":30},"3":{"name":"(anonymous_3)","decl":{"start":{"line":48,"column":24},"end":{"line":48,"column":25}},"loc":{"start":{"line":48,"column":30},"end":{"line":54,"column":3}},"line":48},"4":{"name":"(anonymous_4)","decl":{"start":{"line":56,"column":2},"end":{"line":56,"column":3}},"loc":{"start":{"line":56,"column":11},"end":{"line":144,"column":3}},"line":56},"5":{"name":"(anonymous_5)","decl":{"start":{"line":83,"column":24},"end":{"line":83,"column":25}},"loc":{"start":{"line":83,"column":34},"end":{"line":83,"column":62}},"line":83},"6":{"name":"(anonymous_6)","decl":{"start":{"line":106,"column":24},"end":{"line":106,"column":25}},"loc":{"start":{"line":106,"column":34},"end":{"line":106,"column":65}},"line":106},"7":{"name":"(anonymous_7)","decl":{"start":{"line":129,"column":28},"end":{"line":129,"column":29}},"loc":{"start":{"line":129,"column":38},"end":{"line":129,"column":82}},"line":129},"8":{"name":"(anonymous_8)","decl":{"start":{"line":148,"column":31},"end":{"line":148,"column":32}},"loc":{"start":{"line":148,"column":43},"end":{"line":152,"column":1}},"line":148},"9":{"name":"(anonymous_9)","decl":{"start":{"line":154,"column":34},"end":{"line":154,"column":35}},"loc":{"start":{"line":154,"column":49},"end":{"line":157,"column":1}},"line":154},"10":{"name":"(anonymous_10)","decl":{"start":{"line":155,"column":14},"end":{"line":155,"column":15}},"loc":{"start":{"line":155,"column":24},"end":{"line":155,"column":50}},"line":155},"11":{"name":"(anonymous_11)","decl":{"start":{"line":156,"column":13},"end":{"line":156,"column":14}},"loc":{"start":{"line":156,"column":23},"end":{"line":156,"column":48}},"line":156}},"branchMap":{"0":{"loc":{"start":{"line":35,"column":4},"end":{"line":41,"column":5}},"type":"if","locations":[{"start":{"line":35,"column":4},"end":{"line":41,"column":5}},{"start":{"line":35,"column":4},"end":{"line":41,"column":5}}],"line":35},"1":{"loc":{"start":{"line":43,"column":4},"end":{"line":45,"column":5}},"type":"if","locations":[{"start":{"line":43,"column":4},"end":{"line":45,"column":5}},{"start":{"line":43,"column":4},"end":{"line":45,"column":5}}],"line":43},"2":{"loc":{"start":{"line":49,"column":4},"end":{"line":53,"column":5}},"type":"if","locations":[{"start":{"line":49,"column":4},"end":{"line":53,"column":5}},{"start":{"line":49,"column":4},"end":{"line":53,"column":5}}],"line":49},"3":{"loc":{"start":{"line":49,"column":8},"end":{"line":49,"column":54}},"type":"binary-expr","locations":[{"start":{"line":49,"column":8},"end":{"line":49,"column":31}},{"start":{"line":49,"column":35},"end":{"line":49,"column":54}}],"line":49},"4":{"loc":{"start":{"line":51,"column":11},"end":{"line":53,"column":5}},"type":"if","locations":[{"start":{"line":51,"column":11},"end":{"line":53,"column":5}},{"start":{"line":51,"column":11},"end":{"line":53,"column":5}}],"line":51},"5":{"loc":{"start":{"line":57,"column":20},"end":{"line":57,"column":64}},"type":"cond-expr","locations":[{"start":{"line":57,"column":42},"end":{"line":57,"column":52}},{"start":{"line":57,"column":55},"end":{"line":57,"column":64}}],"line":57},"6":{"loc":{"start":{"line":58,"column":23},"end":{"line":58,"column":67}},"type":"cond-expr","locations":[{"start":{"line":58,"column":45},"end":{"line":58,"column":54}},{"start":{"line":58,"column":57},"end":{"line":58,"column":67}}],"line":58},"7":{"loc":{"start":{"line":59,"column":25},"end":{"line":59,"column":67}},"type":"cond-expr","locations":[{"start":{"line":59,"column":44},"end":{"line":59,"column":60}},{"start":{"line":59,"column":63},"end":{"line":59,"column":67}}],"line":59},"8":{"loc":{"start":{"line":109,"column":10},"end":{"line":130,"column":14}},"type":"binary-expr","locations":[{"start":{"line":109,"column":10},"end":{"line":109,"column":29}},{"start":{"line":110,"column":12},"end":{"line":130,"column":14}}],"line":109}},"s":{"0":17,"1":17,"2":1,"3":5,"4":5,"5":5,"6":5,"7":1,"8":1,"9":4,"10":4,"11":5,"12":1,"13":7,"14":2,"15":5,"16":4,"17":27,"18":27,"19":27,"20":27,"21":1,"22":1,"23":1,"24":1,"25":1,"26":1,"27":2,"28":1,"29":1,"30":1},"f":{"0":17,"1":1,"2":5,"3":7,"4":27,"5":1,"6":1,"7":1,"8":1,"9":2,"10":1,"11":1},"b":{"0":[1,4],"1":[1,4],"2":[2,5],"3":[7,6],"4":[4,1],"5":[5,22],"6":[5,22],"7":[1,26],"8":[27,5]},"_coverageSchema":"43e27e138ebf9cfc5966b082cf9a028302ed4184","hash":"480ef108f91739c7cae061c799033c259f32c6b3"}
,"/Users/kyliestanley/Turing/Module4/tech-connect/MessagesScreen.js": {"path":"/Users/kyliestanley/Turing/Module4/tech-connect/MessagesScreen.js","statementMap":{"0":{"start":{"line":6,"column":4},"end":{"line":10,"column":5}}},"fnMap":{"0":{"name":"(anonymous_0)","decl":{"start":{"line":5,"column":2},"end":{"line":5,"column":3}},"loc":{"start":{"line":5,"column":11},"end":{"line":11,"column":3}},"line":5}},"branchMap":{},"s":{"0":0},"f":{"0":0},"b":{}}
,"/Users/kyliestanley/Turing/Module4/tech-connect/ProfilePage.js": {"path":"/Users/kyliestanley/Turing/Module4/tech-connect/ProfilePage.js","statementMap":{"0":{"start":{"line":10,"column":4},"end":{"line":10,"column":16}},"1":{"start":{"line":14,"column":17},"end":{"line":14,"column":63}},"2":{"start":{"line":15,"column":4},"end":{"line":15,"column":57}},"3":{"start":{"line":19,"column":17},"end":{"line":19,"column":114}},"4":{"start":{"line":21,"column":4},"end":{"line":52,"column":5}},"5":{"start":{"line":45,"column":18},"end":{"line":45,"column":93}},"6":{"start":{"line":56,"column":31},"end":{"line":58,"column":2}},"7":{"start":{"line":56,"column":43},"end":{"line":58,"column":1}},"8":{"start":{"line":62,"column":15},"end":{"line":168,"column":2}}},"fnMap":{"0":{"name":"(anonymous_0)","decl":{"start":{"line":9,"column":2},"end":{"line":9,"column":3}},"loc":{"start":{"line":9,"column":21},"end":{"line":11,"column":3}},"line":9},"1":{"name":"(anonymous_1)","decl":{"start":{"line":13,"column":16},"end":{"line":13,"column":17}},"loc":{"start":{"line":13,"column":30},"end":{"line":16,"column":3}},"line":13},"2":{"name":"(anonymous_2)","decl":{"start":{"line":18,"column":2},"end":{"line":18,"column":3}},"loc":{"start":{"line":18,"column":11},"end":{"line":53,"column":3}},"line":18},"3":{"name":"(anonymous_3)","decl":{"start":{"line":44,"column":57},"end":{"line":44,"column":58}},"loc":{"start":{"line":44,"column":73},"end":{"line":46,"column":17}},"line":44},"4":{"name":"(anonymous_4)","decl":{"start":{"line":56,"column":31},"end":{"line":56,"column":32}},"loc":{"start":{"line":56,"column":43},"end":{"line":58,"column":1}},"line":56}},"branchMap":{"0":{"loc":{"start":{"line":19,"column":17},"end":{"line":19,"column":114}},"type":"cond-expr","locations":[{"start":{"line":19,"column":58},"end":{"line":19,"column":96}},{"start":{"line":19,"column":99},"end":{"line":19,"column":114}}],"line":19},"1":{"loc":{"start":{"line":38,"column":16},"end":{"line":38,"column":151}},"type":"binary-expr","locations":[{"start":{"line":38,"column":16},"end":{"line":38,"column":40}},{"start":{"line":38,"column":44},"end":{"line":38,"column":151}}],"line":38},"2":{"loc":{"start":{"line":44,"column":16},"end":{"line":46,"column":18}},"type":"binary-expr","locations":[{"start":{"line":44,"column":16},"end":{"line":44,"column":32}},{"start":{"line":44,"column":36},"end":{"line":46,"column":18}}],"line":44}},"s":{"0":0,"1":0,"2":0,"3":0,"4":0,"5":0,"6":0,"7":0,"8":0},"f":{"0":0,"1":0,"2":0,"3":0,"4":0},"b":{"0":[0,0],"1":[0,0],"2":[0,0]}}
,"/Users/kyliestanley/Turing/Module4/tech-connect/ProfileScreen.js": {"path":"/Users/kyliestanley/Turing/Module4/tech-connect/ProfileScreen.js","statementMap":{"0":{"start":{"line":13,"column":4},"end":{"line":13,"column":11}},"1":{"start":{"line":14,"column":4},"end":{"line":26,"column":5}},"2":{"start":{"line":30,"column":22},"end":{"line":30,"column":42}},"3":{"start":{"line":31,"column":22},"end":{"line":31,"column":42}},"4":{"start":{"line":32,"column":22},"end":{"line":32,"column":42}},"5":{"start":{"line":33,"column":4},"end":{"line":33,"column":54}},"6":{"start":{"line":38,"column":4},"end":{"line":38,"column":82}},"7":{"start":{"line":39,"column":4},"end":{"line":39,"column":42}},"8":{"start":{"line":43,"column":4},"end":{"line":192,"column":5}},"9":{"start":{"line":47,"column":34},"end":{"line":47,"column":61}},"10":{"start":{"line":62,"column":34},"end":{"line":62,"column":69}},"11":{"start":{"line":82,"column":32},"end":{"line":82,"column":71}},"12":{"start":{"line":104,"column":32},"end":{"line":104,"column":71}},"13":{"start":{"line":126,"column":32},"end":{"line":126,"column":71}},"14":{"start":{"line":144,"column":34},"end":{"line":144,"column":63}},"15":{"start":{"line":159,"column":34},"end":{"line":159,"column":65}},"16":{"start":{"line":174,"column":34},"end":{"line":174,"column":60}},"17":{"start":{"line":196,"column":31},"end":{"line":200,"column":2}},"18":{"start":{"line":196,"column":43},"end":{"line":200,"column":1}},"19":{"start":{"line":202,"column":34},"end":{"line":204,"column":2}},"20":{"start":{"line":202,"column":49},"end":{"line":204,"column":1}},"21":{"start":{"line":203,"column":24},"end":{"line":203,"column":50}},"22":{"start":{"line":209,"column":15},"end":{"line":239,"column":2}}},"fnMap":{"0":{"name":"(anonymous_0)","decl":{"start":{"line":12,"column":2},"end":{"line":12,"column":3}},"loc":{"start":{"line":12,"column":16},"end":{"line":27,"column":3}},"line":12},"1":{"name":"(anonymous_1)","decl":{"start":{"line":29,"column":2},"end":{"line":29,"column":3}},"loc":{"start":{"line":29,"column":28},"end":{"line":34,"column":3}},"line":29},"2":{"name":"(anonymous_2)","decl":{"start":{"line":37,"column":15},"end":{"line":37,"column":16}},"loc":{"start":{"line":37,"column":27},"end":{"line":40,"column":3}},"line":37},"3":{"name":"(anonymous_3)","decl":{"start":{"line":42,"column":2},"end":{"line":42,"column":3}},"loc":{"start":{"line":42,"column":11},"end":{"line":193,"column":3}},"line":42},"4":{"name":"(anonymous_4)","decl":{"start":{"line":47,"column":24},"end":{"line":47,"column":25}},"loc":{"start":{"line":47,"column":34},"end":{"line":47,"column":61}},"line":47},"5":{"name":"(anonymous_5)","decl":{"start":{"line":62,"column":24},"end":{"line":62,"column":25}},"loc":{"start":{"line":62,"column":34},"end":{"line":62,"column":69}},"line":62},"6":{"name":"(anonymous_6)","decl":{"start":{"line":82,"column":20},"end":{"line":82,"column":21}},"loc":{"start":{"line":82,"column":30},"end":{"line":82,"column":72}},"line":82},"7":{"name":"(anonymous_7)","decl":{"start":{"line":104,"column":20},"end":{"line":104,"column":21}},"loc":{"start":{"line":104,"column":30},"end":{"line":104,"column":72}},"line":104},"8":{"name":"(anonymous_8)","decl":{"start":{"line":126,"column":20},"end":{"line":126,"column":21}},"loc":{"start":{"line":126,"column":30},"end":{"line":126,"column":72}},"line":126},"9":{"name":"(anonymous_9)","decl":{"start":{"line":144,"column":24},"end":{"line":144,"column":25}},"loc":{"start":{"line":144,"column":34},"end":{"line":144,"column":63}},"line":144},"10":{"name":"(anonymous_10)","decl":{"start":{"line":159,"column":24},"end":{"line":159,"column":25}},"loc":{"start":{"line":159,"column":34},"end":{"line":159,"column":65}},"line":159},"11":{"name":"(anonymous_11)","decl":{"start":{"line":174,"column":24},"end":{"line":174,"column":25}},"loc":{"start":{"line":174,"column":34},"end":{"line":174,"column":60}},"line":174},"12":{"name":"(anonymous_12)","decl":{"start":{"line":196,"column":31},"end":{"line":196,"column":32}},"loc":{"start":{"line":196,"column":43},"end":{"line":200,"column":1}},"line":196},"13":{"name":"(anonymous_13)","decl":{"start":{"line":202,"column":34},"end":{"line":202,"column":35}},"loc":{"start":{"line":202,"column":49},"end":{"line":204,"column":1}},"line":202},"14":{"name":"(anonymous_14)","decl":{"start":{"line":203,"column":14},"end":{"line":203,"column":15}},"loc":{"start":{"line":203,"column":24},"end":{"line":203,"column":50}},"line":203}},"branchMap":{},"s":{"0":16,"1":16,"2":17,"3":7,"4":7,"5":7,"6":3,"7":3,"8":32,"9":1,"10":1,"11":1,"12":1,"13":1,"14":1,"15":1,"16":1,"17":1,"18":1,"19":1,"20":1,"21":1,"22":1},"f":{"0":16,"1":17,"2":3,"3":32,"4":1,"5":1,"6":1,"7":1,"8":1,"9":1,"10":1,"11":1,"12":1,"13":1,"14":1},"b":{},"_coverageSchema":"43e27e138ebf9cfc5966b082cf9a028302ed4184","hash":"aad1a4e91eb2f8ab1376d21e2ae3df7494df6b28"}
,"/Users/kyliestanley/Turing/Module4/tech-connect/ScheduleScreen.js": {"path":"/Users/kyliestanley/Turing/Module4/tech-connect/ScheduleScreen.js","statementMap":{"0":{"start":{"line":6,"column":4},"end":{"line":10,"column":5}}},"fnMap":{"0":{"name":"(anonymous_0)","decl":{"start":{"line":5,"column":2},"end":{"line":5,"column":3}},"loc":{"start":{"line":5,"column":11},"end":{"line":11,"column":3}},"line":5}},"branchMap":{},"s":{"0":0},"f":{"0":0},"b":{}}
,"/Users/kyliestanley/Turing/Module4/tech-connect/SearchScreen.js": {"path":"/Users/kyliestanley/Turing/Module4/tech-connect/SearchScreen.js","statementMap":{"0":{"start":{"line":12,"column":4},"end":{"line":12,"column":16}},"1":{"start":{"line":13,"column":4},"end":{"line":16,"column":5}},"2":{"start":{"line":25,"column":4},"end":{"line":25,"column":30}},"3":{"start":{"line":30,"column":22},"end":{"line":30,"column":126}},"4":{"start":{"line":30,"column":84},"end":{"line":30,"column":125}},"5":{"start":{"line":31,"column":4},"end":{"line":31,"column":26}},"6":{"start":{"line":32,"column":4},"end":{"line":47,"column":5}},"7":{"start":{"line":51,"column":24},"end":{"line":53,"column":2}},"8":{"start":{"line":51,"column":36},"end":{"line":53,"column":1}},"9":{"start":{"line":58,"column":15},"end":{"line":98,"column":2}}},"fnMap":{"0":{"name":"(anonymous_0)","decl":{"start":{"line":11,"column":2},"end":{"line":11,"column":3}},"loc":{"start":{"line":11,"column":21},"end":{"line":17,"column":3}},"line":11},"1":{"name":"(anonymous_1)","decl":{"start":{"line":19,"column":2},"end":{"line":19,"column":3}},"loc":{"start":{"line":19,"column":28},"end":{"line":22,"column":3}},"line":19},"2":{"name":"(anonymous_2)","decl":{"start":{"line":24,"column":17},"end":{"line":24,"column":18}},"loc":{"start":{"line":24,"column":29},"end":{"line":26,"column":3}},"line":24},"3":{"name":"(anonymous_3)","decl":{"start":{"line":29,"column":2},"end":{"line":29,"column":3}},"loc":{"start":{"line":29,"column":11},"end":{"line":48,"column":3}},"line":29},"4":{"name":"(anonymous_4)","decl":{"start":{"line":30,"column":76},"end":{"line":30,"column":77}},"loc":{"start":{"line":30,"column":84},"end":{"line":30,"column":125}},"line":30},"5":{"name":"(anonymous_5)","decl":{"start":{"line":51,"column":24},"end":{"line":51,"column":25}},"loc":{"start":{"line":51,"column":36},"end":{"line":53,"column":1}},"line":51}},"branchMap":{"0":{"loc":{"start":{"line":30,"column":22},"end":{"line":30,"column":126}},"type":"binary-expr","locations":[{"start":{"line":30,"column":22},"end":{"line":30,"column":48}},{"start":{"line":30,"column":52},"end":{"line":30,"column":126}}],"line":30}},"s":{"0":0,"1":0,"2":0,"3":0,"4":0,"5":0,"6":0,"7":0,"8":0,"9":0},"f":{"0":0,"1":0,"2":0,"3":0,"4":0,"5":0},"b":{"0":[0,0]}}
,"/Users/kyliestanley/Turing/Module4/tech-connect/SuggestedConnection.js": {"path":"/Users/kyliestanley/Turing/Module4/tech-connect/SuggestedConnection.js","statementMap":{"0":{"start":{"line":9,"column":4},"end":{"line":23,"column":5}},"1":{"start":{"line":14,"column":43},"end":{"line":14,"column":91}},"2":{"start":{"line":27,"column":15},"end":{"line":82,"column":2}}},"fnMap":{"0":{"name":"(anonymous_0)","decl":{"start":{"line":8,"column":2},"end":{"line":8,"column":3}},"loc":{"start":{"line":8,"column":11},"end":{"line":24,"column":3}},"line":8},"1":{"name":"(anonymous_1)","decl":{"start":{"line":14,"column":37},"end":{"line":14,"column":38}},"loc":{"start":{"line":14,"column":43},"end":{"line":14,"column":91}},"line":14}},"branchMap":{},"s":{"0":0,"1":0,"2":0},"f":{"0":0,"1":0},"b":{}}
,"/Users/kyliestanley/Turing/Module4/tech-connect/apiCalls.js": {"path":"/Users/kyliestanley/Turing/Module4/tech-connect/apiCalls.js","statementMap":{"0":{"start":{"line":1,"column":28},"end":{"line":8,"column":3}},"1":{"start":{"line":2,"column":16},"end":{"line":2,"column":72}},"2":{"start":{"line":3,"column":21},"end":{"line":3,"column":37}},"3":{"start":{"line":4,"column":25},"end":{"line":4,"column":46}},"4":{"start":{"line":5,"column":4},"end":{"line":7,"column":6}},"5":{"start":{"line":6,"column":6},"end":{"line":6,"column":46}},"6":{"start":{"line":10,"column":28},"end":{"line":17,"column":1}},"7":{"start":{"line":11,"column":14},"end":{"line":11,"column":70}},"8":{"start":{"line":12,"column":19},"end":{"line":12,"column":35}},"9":{"start":{"line":13,"column":23},"end":{"line":13,"column":44}},"10":{"start":{"line":14,"column":2},"end":{"line":16,"column":4}},"11":{"start":{"line":15,"column":4},"end":{"line":15,"column":44}},"12":{"start":{"line":20,"column":28},"end":{"line":27,"column":1}},"13":{"start":{"line":21,"column":14},"end":{"line":21,"column":70}},"14":{"start":{"line":22,"column":19},"end":{"line":22,"column":35}},"15":{"start":{"line":23,"column":23},"end":{"line":23,"column":44}},"16":{"start":{"line":24,"column":2},"end":{"line":26,"column":4}},"17":{"start":{"line":25,"column":4},"end":{"line":25,"column":49}},"18":{"start":{"line":29,"column":27},"end":{"line":42,"column":1}},"19":{"start":{"line":30,"column":14},"end":{"line":30,"column":66}},"20":{"start":{"line":31,"column":19},"end":{"line":34,"column":4}},"21":{"start":{"line":35,"column":2},"end":{"line":35,"column":23}},"22":{"start":{"line":36,"column":19},"end":{"line":36,"column":40}},"23":{"start":{"line":37,"column":2},"end":{"line":37,"column":23}},"24":{"start":{"line":38,"column":2},"end":{"line":40,"column":4}},"25":{"start":{"line":39,"column":4},"end":{"line":39,"column":26}},"26":{"start":{"line":44,"column":33},"end":{"line":59,"column":1}},"27":{"start":{"line":45,"column":14},"end":{"line":45,"column":90}},"28":{"start":{"line":46,"column":14},"end":{"line":46,"column":31}},"29":{"start":{"line":47,"column":2},"end":{"line":58,"column":3}},"30":{"start":{"line":48,"column":21},"end":{"line":48,"column":37}},"31":{"start":{"line":49,"column":4},"end":{"line":52,"column":5}},"32":{"start":{"line":50,"column":24},"end":{"line":50,"column":45}},"33":{"start":{"line":51,"column":6},"end":{"line":51,"column":34}},"34":{"start":{"line":53,"column":21},"end":{"line":53,"column":42}},"35":{"start":{"line":54,"column":24},"end":{"line":54,"column":75}},"36":{"start":{"line":55,"column":4},"end":{"line":55,"column":22}},"37":{"start":{"line":57,"column":4},"end":{"line":57,"column":20}},"38":{"start":{"line":61,"column":27},"end":{"line":78,"column":1}},"39":{"start":{"line":63,"column":14},"end":{"line":63,"column":90}},"40":{"start":{"line":64,"column":14},"end":{"line":64,"column":31}},"41":{"start":{"line":65,"column":2},"end":{"line":77,"column":3}},"42":{"start":{"line":66,"column":21},"end":{"line":66,"column":37}},"43":{"start":{"line":67,"column":4},"end":{"line":70,"column":5}},"44":{"start":{"line":68,"column":24},"end":{"line":68,"column":45}},"45":{"start":{"line":69,"column":6},"end":{"line":69,"column":34}},"46":{"start":{"line":72,"column":21},"end":{"line":72,"column":42}},"47":{"start":{"line":73,"column":24},"end":{"line":73,"column":75}},"48":{"start":{"line":74,"column":4},"end":{"line":74,"column":22}},"49":{"start":{"line":76,"column":4},"end":{"line":76,"column":20}}},"fnMap":{"0":{"name":"(anonymous_0)","decl":{"start":{"line":1,"column":28},"end":{"line":1,"column":29}},"loc":{"start":{"line":1,"column":40},"end":{"line":8,"column":3}},"line":1},"1":{"name":"(anonymous_1)","decl":{"start":{"line":5,"column":33},"end":{"line":5,"column":34}},"loc":{"start":{"line":5,"column":45},"end":{"line":7,"column":5}},"line":5},"2":{"name":"(anonymous_2)","decl":{"start":{"line":10,"column":28},"end":{"line":10,"column":29}},"loc":{"start":{"line":10,"column":40},"end":{"line":17,"column":1}},"line":10},"3":{"name":"(anonymous_3)","decl":{"start":{"line":14,"column":31},"end":{"line":14,"column":32}},"loc":{"start":{"line":14,"column":43},"end":{"line":16,"column":3}},"line":14},"4":{"name":"(anonymous_4)","decl":{"start":{"line":20,"column":28},"end":{"line":20,"column":29}},"loc":{"start":{"line":20,"column":40},"end":{"line":27,"column":1}},"line":20},"5":{"name":"(anonymous_5)","decl":{"start":{"line":24,"column":31},"end":{"line":24,"column":32}},"loc":{"start":{"line":24,"column":43},"end":{"line":26,"column":3}},"line":24},"6":{"name":"(anonymous_6)","decl":{"start":{"line":29,"column":27},"end":{"line":29,"column":28}},"loc":{"start":{"line":29,"column":42},"end":{"line":42,"column":1}},"line":29},"7":{"name":"(anonymous_7)","decl":{"start":{"line":38,"column":27},"end":{"line":38,"column":28}},"loc":{"start":{"line":38,"column":35},"end":{"line":40,"column":3}},"line":38},"8":{"name":"(anonymous_8)","decl":{"start":{"line":44,"column":33},"end":{"line":44,"column":34}},"loc":{"start":{"line":44,"column":55},"end":{"line":59,"column":1}},"line":44},"9":{"name":"(anonymous_9)","decl":{"start":{"line":61,"column":27},"end":{"line":61,"column":28}},"loc":{"start":{"line":61,"column":49},"end":{"line":78,"column":1}},"line":61}},"branchMap":{"0":{"loc":{"start":{"line":49,"column":4},"end":{"line":52,"column":5}},"type":"if","locations":[{"start":{"line":49,"column":4},"end":{"line":52,"column":5}},{"start":{"line":49,"column":4},"end":{"line":52,"column":5}}],"line":49},"1":{"loc":{"start":{"line":67,"column":4},"end":{"line":70,"column":5}},"type":"if","locations":[{"start":{"line":67,"column":4},"end":{"line":70,"column":5}},{"start":{"line":67,"column":4},"end":{"line":70,"column":5}}],"line":67}},"s":{"0":1,"1":0,"2":0,"3":0,"4":0,"5":0,"6":1,"7":0,"8":0,"9":0,"10":0,"11":0,"12":1,"13":0,"14":0,"15":0,"16":0,"17":0,"18":1,"19":0,"20":0,"21":0,"22":0,"23":0,"24":0,"25":0,"26":1,"27":0,"28":0,"29":0,"30":0,"31":0,"32":0,"33":0,"34":0,"35":0,"36":0,"37":0,"38":1,"39":0,"40":0,"41":0,"42":0,"43":0,"44":0,"45":0,"46":0,"47":0,"48":0,"49":0},"f":{"0":0,"1":0,"2":0,"3":0,"4":0,"5":0,"6":0,"7":0,"8":0,"9":0},"b":{"0":[0,0],"1":[0,0]},"_coverageSchema":"43e27e138ebf9cfc5966b082cf9a028302ed4184","hash":"2db1f59ccbc6fc89b180bc5274f6ae6c73eb4f89"}
,"/Users/kyliestanley/Turing/Module4/tech-connect/actions/index.js": {"path":"/Users/kyliestanley/Turing/Module4/tech-connect/actions/index.js","statementMap":{"0":{"start":{"line":1,"column":25},"end":{"line":4,"column":2}},"1":{"start":{"line":1,"column":36},"end":{"line":4,"column":1}},"2":{"start":{"line":6,"column":26},"end":{"line":8,"column":2}},"3":{"start":{"line":6,"column":33},"end":{"line":8,"column":1}},"4":{"start":{"line":10,"column":32},"end":{"line":13,"column":2}},"5":{"start":{"line":10,"column":43},"end":{"line":13,"column":1}},"6":{"start":{"line":15,"column":25},"end":{"line":18,"column":2}},"7":{"start":{"line":15,"column":36},"end":{"line":18,"column":1}},"8":{"start":{"line":20,"column":26},"end":{"line":23,"column":2}},"9":{"start":{"line":20,"column":40},"end":{"line":23,"column":1}}},"fnMap":{"0":{"name":"(anonymous_0)","decl":{"start":{"line":1,"column":25},"end":{"line":1,"column":26}},"loc":{"start":{"line":1,"column":36},"end":{"line":4,"column":1}},"line":1},"1":{"name":"(anonymous_1)","decl":{"start":{"line":6,"column":26},"end":{"line":6,"column":27}},"loc":{"start":{"line":6,"column":33},"end":{"line":8,"column":1}},"line":6},"2":{"name":"(anonymous_2)","decl":{"start":{"line":10,"column":32},"end":{"line":10,"column":33}},"loc":{"start":{"line":10,"column":43},"end":{"line":13,"column":1}},"line":10},"3":{"name":"(anonymous_3)","decl":{"start":{"line":15,"column":25},"end":{"line":15,"column":26}},"loc":{"start":{"line":15,"column":36},"end":{"line":18,"column":1}},"line":15},"4":{"name":"(anonymous_4)","decl":{"start":{"line":20,"column":26},"end":{"line":20,"column":27}},"loc":{"start":{"line":20,"column":40},"end":{"line":23,"column":1}},"line":20}},"branchMap":{},"s":{"0":5,"1":2,"2":5,"3":2,"4":5,"5":2,"6":5,"7":2,"8":5,"9":2},"f":{"0":2,"1":2,"2":2,"3":2,"4":2},"b":{},"_coverageSchema":"43e27e138ebf9cfc5966b082cf9a028302ed4184","hash":"8db74c5ea7bfb12b20fb94700260398dad72d0d3"}
,"/Users/kyliestanley/Turing/Module4/tech-connect/reducers/userReducer.js": {"path":"/Users/kyliestanley/Turing/Module4/tech-connect/reducers/userReducer.js","statementMap":{"0":{"start":{"line":1,"column":25},"end":{"line":8,"column":1}},"1":{"start":{"line":2,"column":2},"end":{"line":7,"column":3}},"2":{"start":{"line":4,"column":6},"end":{"line":4,"column":29}},"3":{"start":{"line":6,"column":6},"end":{"line":6,"column":18}},"4":{"start":{"line":10,"column":26},"end":{"line":17,"column":1}},"5":{"start":{"line":11,"column":2},"end":{"line":16,"column":3}},"6":{"start":{"line":13,"column":6},"end":{"line":13,"column":27}},"7":{"start":{"line":15,"column":6},"end":{"line":15,"column":18}},"8":{"start":{"line":19,"column":27},"end":{"line":30,"column":1}},"9":{"start":{"line":20,"column":2},"end":{"line":29,"column":3}},"10":{"start":{"line":22,"column":6},"end":{"line":22,"column":24}},"11":{"start":{"line":24,"column":6},"end":{"line":24,"column":44}},"12":{"start":{"line":26,"column":6},"end":{"line":26,"column":15}},"13":{"start":{"line":28,"column":6},"end":{"line":28,"column":18}}},"fnMap":{"0":{"name":"(anonymous_0)","decl":{"start":{"line":1,"column":25},"end":{"line":1,"column":26}},"loc":{"start":{"line":1,"column":50},"end":{"line":8,"column":1}},"line":1},"1":{"name":"(anonymous_1)","decl":{"start":{"line":10,"column":26},"end":{"line":10,"column":27}},"loc":{"start":{"line":10,"column":48},"end":{"line":17,"column":1}},"line":10},"2":{"name":"(anonymous_2)","decl":{"start":{"line":19,"column":27},"end":{"line":19,"column":28}},"loc":{"start":{"line":19,"column":49},"end":{"line":30,"column":1}},"line":19}},"branchMap":{"0":{"loc":{"start":{"line":1,"column":26},"end":{"line":1,"column":37}},"type":"default-arg","locations":[{"start":{"line":1,"column":32},"end":{"line":1,"column":37}}],"line":1},"1":{"loc":{"start":{"line":2,"column":2},"end":{"line":7,"column":3}},"type":"switch","locations":[{"start":{"line":3,"column":4},"end":{"line":4,"column":29}},{"start":{"line":5,"column":4},"end":{"line":6,"column":18}}],"line":2},"2":{"loc":{"start":{"line":10,"column":27},"end":{"line":10,"column":35}},"type":"default-arg","locations":[{"start":{"line":10,"column":33},"end":{"line":10,"column":35}}],"line":10},"3":{"loc":{"start":{"line":11,"column":2},"end":{"line":16,"column":3}},"type":"switch","locations":[{"start":{"line":12,"column":4},"end":{"line":13,"column":27}},{"start":{"line":14,"column":4},"end":{"line":15,"column":18}}],"line":11},"4":{"loc":{"start":{"line":19,"column":28},"end":{"line":19,"column":36}},"type":"default-arg","locations":[{"start":{"line":19,"column":34},"end":{"line":19,"column":36}}],"line":19},"5":{"loc":{"start":{"line":20,"column":2},"end":{"line":29,"column":3}},"type":"switch","locations":[{"start":{"line":21,"column":4},"end":{"line":22,"column":24}},{"start":{"line":23,"column":4},"end":{"line":24,"column":44}},{"start":{"line":25,"column":4},"end":{"line":26,"column":15}},{"start":{"line":27,"column":4},"end":{"line":28,"column":18}}],"line":20}},"s":{"0":1,"1":2,"2":1,"3":1,"4":1,"5":2,"6":1,"7":1,"8":1,"9":4,"10":1,"11":1,"12":1,"13":1},"f":{"0":2,"1":2,"2":4},"b":{"0":[1],"1":[1,1],"2":[1],"3":[1,1],"4":[1],"5":[1,1,1,1]},"_coverageSchema":"43e27e138ebf9cfc5966b082cf9a028302ed4184","hash":"bf6a2f3772b3810d49614787bb210f344dcb9bf1"}
,"/Users/kyliestanley/Turing/Module4/tech-connect/thunks/createUser.js": {"path":"/Users/kyliestanley/Turing/Module4/tech-connect/thunks/createUser.js","statementMap":{"0":{"start":{"line":3,"column":26},"end":{"line":35,"column":1}},"1":{"start":{"line":5,"column":14},"end":{"line":5,"column":66}},"2":{"start":{"line":6,"column":2},"end":{"line":34,"column":3}},"3":{"start":{"line":7,"column":4},"end":{"line":33,"column":5}},"4":{"start":{"line":8,"column":6},"end":{"line":8,"column":31}},"5":{"start":{"line":9,"column":23},"end":{"line":15,"column":8}},"6":{"start":{"line":17,"column":6},"end":{"line":20,"column":7}},"7":{"start":{"line":18,"column":26},"end":{"line":18,"column":47}},"8":{"start":{"line":19,"column":8},"end":{"line":19,"column":36}},"9":{"start":{"line":22,"column":6},"end":{"line":22,"column":32}},"10":{"start":{"line":23,"column":22},"end":{"line":23,"column":43}},"11":{"start":{"line":24,"column":27},"end":{"line":28,"column":7}},"12":{"start":{"line":29,"column":6},"end":{"line":29,"column":39}},"13":{"start":{"line":30,"column":6},"end":{"line":30,"column":30}},"14":{"start":{"line":32,"column":6},"end":{"line":32,"column":39}}},"fnMap":{"0":{"name":"(anonymous_0)","decl":{"start":{"line":3,"column":26},"end":{"line":3,"column":27}},"loc":{"start":{"line":3,"column":36},"end":{"line":35,"column":1}},"line":3},"1":{"name":"(anonymous_1)","decl":{"start":{"line":6,"column":9},"end":{"line":6,"column":10}},"loc":{"start":{"line":6,"column":29},"end":{"line":34,"column":3}},"line":6}},"branchMap":{"0":{"loc":{"start":{"line":17,"column":6},"end":{"line":20,"column":7}},"type":"if","locations":[{"start":{"line":17,"column":6},"end":{"line":20,"column":7}},{"start":{"line":17,"column":6},"end":{"line":20,"column":7}}],"line":17}},"s":{"0":1,"1":0,"2":0,"3":0,"4":0,"5":0,"6":0,"7":0,"8":0,"9":0,"10":0,"11":0,"12":0,"13":0,"14":0},"f":{"0":0,"1":0},"b":{"0":[0,0]},"_coverageSchema":"43e27e138ebf9cfc5966b082cf9a028302ed4184","hash":"b65dbbd7aed5c9e383fc2ea87837cd64293be3ff"}
,"/Users/kyliestanley/Turing/Module4/tech-connect/thunks/loginUser.js": {"path":"/Users/kyliestanley/Turing/Module4/tech-connect/thunks/loginUser.js","statementMap":{"0":{"start":{"line":3,"column":25},"end":{"line":35,"column":1}},"1":{"start":{"line":4,"column":14},"end":{"line":4,"column":66}},"2":{"start":{"line":5,"column":2},"end":{"line":34,"column":3}},"3":{"start":{"line":6,"column":4},"end":{"line":33,"column":5}},"4":{"start":{"line":7,"column":6},"end":{"line":7,"column":31}},"5":{"start":{"line":8,"column":23},"end":{"line":14,"column":8}},"6":{"start":{"line":16,"column":6},"end":{"line":19,"column":7}},"7":{"start":{"line":17,"column":26},"end":{"line":17,"column":47}},"8":{"start":{"line":18,"column":8},"end":{"line":18,"column":36}},"9":{"start":{"line":21,"column":6},"end":{"line":21,"column":32}},"10":{"start":{"line":22,"column":26},"end":{"line":22,"column":47}},"11":{"start":{"line":23,"column":27},"end":{"line":27,"column":7}},"12":{"start":{"line":28,"column":25},"end":{"line":28,"column":73}},"13":{"start":{"line":29,"column":6},"end":{"line":29,"column":37}},"14":{"start":{"line":30,"column":6},"end":{"line":30,"column":30}},"15":{"start":{"line":32,"column":6},"end":{"line":32,"column":39}}},"fnMap":{"0":{"name":"(anonymous_0)","decl":{"start":{"line":3,"column":25},"end":{"line":3,"column":26}},"loc":{"start":{"line":3,"column":35},"end":{"line":35,"column":1}},"line":3},"1":{"name":"(anonymous_1)","decl":{"start":{"line":5,"column":9},"end":{"line":5,"column":10}},"loc":{"start":{"line":5,"column":29},"end":{"line":34,"column":3}},"line":5}},"branchMap":{"0":{"loc":{"start":{"line":16,"column":6},"end":{"line":19,"column":7}},"type":"if","locations":[{"start":{"line":16,"column":6},"end":{"line":19,"column":7}},{"start":{"line":16,"column":6},"end":{"line":19,"column":7}}],"line":16}},"s":{"0":1,"1":0,"2":0,"3":0,"4":0,"5":0,"6":0,"7":0,"8":0,"9":0,"10":0,"11":0,"12":0,"13":0,"14":0,"15":0},"f":{"0":0,"1":0},"b":{"0":[0,0]},"_coverageSchema":"43e27e138ebf9cfc5966b082cf9a028302ed4184","hash":"ff111c5dad89967f0ff5178d77ebcda14caf1759"}
,"/Users/kyliestanley/Turing/Module4/tech-connect/thunks/updateUser.js": {"path":"/Users/kyliestanley/Turing/Module4/tech-connect/thunks/updateUser.js","statementMap":{"0":{"start":{"line":3,"column":26},"end":{"line":33,"column":1}},"1":{"start":{"line":4,"column":2},"end":{"line":4,"column":19}},"2":{"start":{"line":5,"column":14},"end":{"line":5,"column":66}},"3":{"start":{"line":6,"column":2},"end":{"line":32,"column":3}},"4":{"start":{"line":8,"column":4},"end":{"line":31,"column":5}},"5":{"start":{"line":9,"column":6},"end":{"line":9,"column":31}},"6":{"start":{"line":10,"column":23},"end":{"line":16,"column":8}},"7":{"start":{"line":18,"column":6},"end":{"line":22,"column":7}},"8":{"start":{"line":19,"column":8},"end":{"line":19,"column":29}},"9":{"start":{"line":20,"column":26},"end":{"line":20,"column":47}},"10":{"start":{"line":21,"column":8},"end":{"line":21,"column":36}},"11":{"start":{"line":24,"column":6},"end":{"line":24,"column":32}},"12":{"start":{"line":25,"column":26},"end":{"line":25,"column":47}},"13":{"start":{"line":26,"column":6},"end":{"line":26,"column":61}},"14":{"start":{"line":27,"column":6},"end":{"line":27,"column":30}},"15":{"start":{"line":29,"column":6},"end":{"line":29,"column":22}},"16":{"start":{"line":30,"column":6},"end":{"line":30,"column":39}}},"fnMap":{"0":{"name":"(anonymous_0)","decl":{"start":{"line":3,"column":26},"end":{"line":3,"column":27}},"loc":{"start":{"line":3,"column":36},"end":{"line":33,"column":1}},"line":3},"1":{"name":"(anonymous_1)","decl":{"start":{"line":6,"column":9},"end":{"line":6,"column":10}},"loc":{"start":{"line":6,"column":29},"end":{"line":32,"column":3}},"line":6}},"branchMap":{"0":{"loc":{"start":{"line":18,"column":6},"end":{"line":22,"column":7}},"type":"if","locations":[{"start":{"line":18,"column":6},"end":{"line":22,"column":7}},{"start":{"line":18,"column":6},"end":{"line":22,"column":7}}],"line":18}},"s":{"0":1,"1":0,"2":0,"3":0,"4":0,"5":0,"6":0,"7":0,"8":0,"9":0,"10":0,"11":0,"12":0,"13":0,"14":0,"15":0,"16":0},"f":{"0":0,"1":0},"b":{"0":[0,0]},"_coverageSchema":"43e27e138ebf9cfc5966b082cf9a028302ed4184","hash":"b29ea96368bf53c20b4007d1ac3dcf172b43b8c8"}
}
