TN:
SF:/Users/kayleebunce/Documents/Turing/tech-connect/App.js
FN:38,(anonymous_0)
FN:39,(anonymous_1)
FN:78,(anonymous_2)
FNF:3
FNH:0
FNDA:0,(anonymous_0)
FNDA:0,(anonymous_1)
FNDA:0,(anonymous_2)
DA:17,0
DA:19,0
DA:30,0
DA:38,0
DA:40,0
DA:42,0
DA:43,0
DA:44,0
DA:45,0
DA:46,0
DA:47,0
DA:48,0
DA:49,0
DA:52,0
DA:63,0
DA:75,0
DA:79,0
LF:17
LH:0
BRDA:42,0,0,0
BRDA:42,0,1,0
BRDA:44,1,0,0
BRDA:44,1,1,0
BRDA:46,2,0,0
BRDA:46,2,1,0
BRDA:48,3,0,0
BRDA:48,3,1,0
BRF:8
BRH:0
end_of_record
TN:
SF:/Users/kayleebunce/Documents/Turing/tech-connect/Connection.js
FN:8,(anonymous_0)
FN:15,(anonymous_1)
FN:22,(anonymous_2)
FN:30,(anonymous_3)
FN:47,(anonymous_4)
FNF:5
FNH:4
FNDA:5,(anonymous_0)
FNDA:6,(anonymous_1)
FNDA:9,(anonymous_2)
FNDA:0,(anonymous_3)
FNDA:1,(anonymous_4)
DA:9,5
DA:10,5
DA:16,6
DA:17,5
DA:23,9
DA:24,4
DA:26,4
DA:30,0
DA:42,5
DA:47,1
DA:53,1
LF:11
LH:10
BRDA:23,0,0,4
BRDA:23,0,1,5
BRF:2
BRH:2
end_of_record
TN:
SF:/Users/kayleebunce/Documents/Turing/tech-connect/HomeScreen.js
FN:10,(anonymous_0)
FN:14,(anonymous_1)
FN:19,(anonymous_2)
FN:37,(anonymous_3)
FN:45,(anonymous_4)
FNF:5
FNH:5
FNDA:6,(anonymous_0)
FNDA:1,(anonymous_1)
FNDA:6,(anonymous_2)
FNDA:1,(anonymous_3)
FNDA:1,(anonymous_4)
DA:11,6
DA:15,1
DA:16,1
DA:20,6
DA:21,6
DA:37,1
DA:45,1
DA:51,1
LF:8
LH:8
BRF:0
BRH:0
end_of_record
TN:
SF:/Users/kayleebunce/Documents/Turing/tech-connect/LoginScreen.js
FN:12,(anonymous_0)
FN:23,(anonymous_1)
FN:30,(anonymous_2)
FN:48,(anonymous_3)
FN:56,(anonymous_4)
FN:83,(anonymous_5)
FN:106,(anonymous_6)
FN:129,(anonymous_7)
FN:148,(anonymous_8)
FN:154,(anonymous_9)
FN:155,(anonymous_10)
FN:156,(anonymous_11)
FNF:12
FNH:12
FNDA:17,(anonymous_0)
FNDA:1,(anonymous_1)
FNDA:5,(anonymous_2)
FNDA:7,(anonymous_3)
FNDA:27,(anonymous_4)
FNDA:1,(anonymous_5)
FNDA:1,(anonymous_6)
FNDA:1,(anonymous_7)
FNDA:1,(anonymous_8)
FNDA:2,(anonymous_9)
FNDA:1,(anonymous_10)
FNDA:1,(anonymous_11)
DA:13,17
DA:14,17
DA:24,1
DA:31,5
DA:32,5
DA:33,5
DA:35,5
DA:36,1
DA:37,1
DA:39,4
DA:40,4
DA:43,5
DA:44,1
DA:49,7
DA:50,2
DA:51,5
DA:52,4
DA:57,27
DA:58,27
DA:59,27
DA:61,27
DA:83,1
DA:106,1
DA:129,1
DA:148,1
DA:154,2
DA:155,1
DA:156,1
DA:162,1
LF:29
LH:29
BRDA:35,0,0,1
BRDA:35,0,1,4
BRDA:43,1,0,1
BRDA:43,1,1,4
BRDA:49,2,0,2
BRDA:49,2,1,5
BRDA:49,3,0,7
BRDA:49,3,1,6
BRDA:51,4,0,4
BRDA:51,4,1,1
BRDA:57,5,0,5
BRDA:57,5,1,22
BRDA:58,6,0,5
BRDA:58,6,1,22
BRDA:59,7,0,1
BRDA:59,7,1,26
BRDA:109,8,0,27
BRDA:109,8,1,5
BRF:18
BRH:18
end_of_record
TN:
SF:/Users/kayleebunce/Documents/Turing/tech-connect/MessagesScreen.js
FN:5,(anonymous_0)
FNF:1
FNH:0
FNDA:0,(anonymous_0)
DA:6,0
LF:1
LH:0
BRF:0
BRH:0
end_of_record
TN:
SF:/Users/kayleebunce/Documents/Turing/tech-connect/ProfilePage.js
FN:9,(anonymous_0)
FN:13,(anonymous_1)
FN:18,(anonymous_2)
FN:44,(anonymous_3)
FN:56,(anonymous_4)
FNF:5
FNH:0
FNDA:0,(anonymous_0)
FNDA:0,(anonymous_1)
FNDA:0,(anonymous_2)
FNDA:0,(anonymous_3)
FNDA:0,(anonymous_4)
DA:10,0
DA:14,0
DA:15,0
DA:19,0
DA:21,0
DA:45,0
DA:56,0
DA:62,0
LF:8
LH:0
BRDA:19,0,0,0
BRDA:19,0,1,0
BRDA:38,1,0,0
BRDA:38,1,1,0
BRDA:44,2,0,0
BRDA:44,2,1,0
BRF:6
BRH:0
end_of_record
TN:
SF:/Users/kayleebunce/Documents/Turing/tech-connect/ProfileScreen.js
FN:12,(anonymous_0)
FN:29,(anonymous_1)
FN:37,(anonymous_2)
FN:42,(anonymous_3)
FN:47,(anonymous_4)
FN:62,(anonymous_5)
FN:82,(anonymous_6)
FN:104,(anonymous_7)
FN:126,(anonymous_8)
FN:144,(anonymous_9)
FN:159,(anonymous_10)
FN:174,(anonymous_11)
FN:196,(anonymous_12)
FN:202,(anonymous_13)
FN:203,(anonymous_14)
FNF:15
FNH:15
FNDA:16,(anonymous_0)
FNDA:17,(anonymous_1)
FNDA:3,(anonymous_2)
FNDA:32,(anonymous_3)
FNDA:1,(anonymous_4)
FNDA:1,(anonymous_5)
FNDA:1,(anonymous_6)
FNDA:1,(anonymous_7)
FNDA:1,(anonymous_8)
FNDA:1,(anonymous_9)
FNDA:1,(anonymous_10)
FNDA:1,(anonymous_11)
FNDA:1,(anonymous_12)
FNDA:1,(anonymous_13)
FNDA:1,(anonymous_14)
DA:13,16
DA:14,16
DA:30,17
DA:31,7
DA:32,7
DA:33,7
DA:38,3
DA:39,3
DA:43,32
DA:47,1
DA:62,1
DA:82,1
DA:104,1
DA:126,1
DA:144,1
DA:159,1
DA:174,1
DA:196,1
DA:202,1
DA:203,1
DA:209,1
LF:21
LH:21
BRF:0
BRH:0
end_of_record
TN:
SF:/Users/kayleebunce/Documents/Turing/tech-connect/ScheduleScreen.js
FN:5,(anonymous_0)
FNF:1
FNH:0
FNDA:0,(anonymous_0)
DA:6,0
LF:1
LH:0
BRF:0
BRH:0
end_of_record
TN:
SF:/Users/kayleebunce/Documents/Turing/tech-connect/SearchScreen.js
FN:11,(anonymous_0)
FN:19,(anonymous_1)
FN:24,(anonymous_2)
FN:29,(anonymous_3)
FN:30,(anonymous_4)
FN:51,(anonymous_5)
FNF:6
FNH:0
FNDA:0,(anonymous_0)
FNDA:0,(anonymous_1)
FNDA:0,(anonymous_2)
FNDA:0,(anonymous_3)
FNDA:0,(anonymous_4)
FNDA:0,(anonymous_5)
DA:12,0
DA:13,0
DA:25,0
DA:30,0
DA:31,0
DA:32,0
DA:51,0
DA:58,0
LF:8
LH:0
BRDA:30,0,0,0
BRDA:30,0,1,0
BRF:2
BRH:0
end_of_record
TN:
SF:/Users/kayleebunce/Documents/Turing/tech-connect/SuggestedConnection.js
FN:8,(anonymous_0)
FN:14,(anonymous_1)
FNF:2
FNH:2
FNDA:2,(anonymous_0)
FNDA:1,(anonymous_1)
DA:9,2
DA:14,1
DA:27,2
LF:3
LH:3
BRF:0
BRH:0
end_of_record
TN:
SF:/Users/kayleebunce/Documents/Turing/tech-connect/apiCalls.js
FN:1,(anonymous_0)
FN:5,(anonymous_1)
FN:10,(anonymous_2)
FN:14,(anonymous_3)
FN:20,(anonymous_4)
FN:24,(anonymous_5)
FN:29,(anonymous_6)
FN:38,(anonymous_7)
FN:44,(anonymous_8)
FN:61,(anonymous_9)
FNF:10
FNH:0
FNDA:0,(anonymous_0)
FNDA:0,(anonymous_1)
FNDA:0,(anonymous_2)
FNDA:0,(anonymous_3)
FNDA:0,(anonymous_4)
FNDA:0,(anonymous_5)
FNDA:0,(anonymous_6)
FNDA:0,(anonymous_7)
FNDA:0,(anonymous_8)
FNDA:0,(anonymous_9)
DA:1,3
DA:2,0
DA:3,0
DA:4,0
DA:5,0
DA:6,0
DA:10,3
DA:11,0
DA:12,0
DA:13,0
DA:14,0
DA:15,0
DA:20,3
DA:21,0
DA:22,0
DA:23,0
DA:24,0
DA:25,0
DA:29,3
DA:30,0
DA:31,0
DA:35,0
DA:36,0
DA:37,0
DA:38,0
DA:39,0
DA:44,3
DA:45,0
DA:46,0
DA:47,0
DA:48,0
DA:49,0
DA:50,0
DA:51,0
DA:53,0
DA:54,0
DA:55,0
DA:57,0
DA:61,3
DA:63,0
DA:64,0
DA:65,0
DA:66,0
DA:67,0
DA:68,0
DA:69,0
DA:72,0
DA:73,0
DA:74,0
DA:76,0
LF:50
LH:6
BRDA:49,0,0,0
BRDA:49,0,1,0
BRDA:67,1,0,0
BRDA:67,1,1,0
BRF:4
BRH:0
end_of_record
TN:
SF:/Users/kayleebunce/Documents/Turing/tech-connect/actions/index.js
FN:1,(anonymous_0)
FN:6,(anonymous_1)
FN:10,(anonymous_2)
FN:15,(anonymous_3)
FN:20,(anonymous_4)
FNF:5
FNH:5
FNDA:2,(anonymous_0)
FNDA:2,(anonymous_1)
FNDA:2,(anonymous_2)
FNDA:2,(anonymous_3)
FNDA:2,(anonymous_4)
DA:1,5
DA:6,5
DA:10,5
DA:15,5
DA:20,5
LF:5
LH:5
BRF:0
BRH:0
end_of_record
TN:
SF:/Users/kayleebunce/Documents/Turing/tech-connect/reducers/userReducer.js
FN:1,(anonymous_0)
FN:10,(anonymous_1)
FN:19,(anonymous_2)
FNF:3
FNH:3
FNDA:2,(anonymous_0)
FNDA:2,(anonymous_1)
FNDA:4,(anonymous_2)
DA:1,1
DA:2,2
DA:4,1
DA:6,1
DA:10,1
DA:11,2
DA:13,1
DA:15,1
DA:19,1
DA:20,4
DA:22,1
DA:24,1
DA:26,1
DA:28,1
LF:14
LH:14
BRDA:1,0,0,1
BRDA:2,1,0,1
BRDA:2,1,1,1
BRDA:10,2,0,1
BRDA:11,3,0,1
BRDA:11,3,1,1
BRDA:19,4,0,1
BRDA:20,5,0,1
BRDA:20,5,1,1
BRDA:20,5,2,1
BRDA:20,5,3,1
BRF:11
BRH:11
end_of_record
TN:
SF:/Users/kayleebunce/Documents/Turing/tech-connect/thunks/createUser.js
FN:3,(anonymous_0)
FN:6,(anonymous_1)
FNF:2
FNH:0
FNDA:0,(anonymous_0)
FNDA:0,(anonymous_1)
DA:3,1
DA:5,0
DA:6,0
DA:7,0
DA:8,0
DA:9,0
DA:17,0
DA:18,0
DA:19,0
DA:22,0
DA:23,0
DA:24,0
DA:29,0
DA:30,0
DA:32,0
LF:15
LH:1
BRDA:17,0,0,0
BRDA:17,0,1,0
BRF:2
BRH:0
end_of_record
TN:
SF:/Users/kayleebunce/Documents/Turing/tech-connect/thunks/loginUser.js
FN:3,(anonymous_0)
FN:5,(anonymous_1)
FNF:2
FNH:0
FNDA:0,(anonymous_0)
FNDA:0,(anonymous_1)
DA:3,1
DA:4,0
DA:5,0
DA:6,0
DA:7,0
DA:8,0
DA:16,0
DA:17,0
DA:18,0
DA:21,0
DA:22,0
DA:23,0
DA:28,0
DA:29,0
DA:30,0
DA:32,0
LF:16
LH:1
BRDA:16,0,0,0
BRDA:16,0,1,0
BRF:2
BRH:0
end_of_record
TN:
SF:/Users/kayleebunce/Documents/Turing/tech-connect/thunks/updateUser.js
FN:3,(anonymous_0)
FN:6,(anonymous_1)
FNF:2
FNH:0
FNDA:0,(anonymous_0)
FNDA:0,(anonymous_1)
DA:3,1
DA:4,0
DA:5,0
DA:6,0
DA:8,0
DA:9,0
DA:10,0
DA:18,0
DA:19,0
DA:20,0
DA:21,0
DA:24,0
DA:25,0
DA:26,0
DA:27,0
DA:29,0
DA:30,0
LF:17
LH:1
BRDA:18,0,0,0
BRDA:18,0,1,0
BRF:2
BRH:0
end_of_record
